# JRE version: OpenJDK Runtime Environment Zulu11.56+19-CA (11.0.15+10) (build 11.0.15+10-LTS)
# Java VM: OpenJDK 64-Bit Server VM Zulu11.56+19-CA (11.0.15+10-LTS, mixed mode, tiered, compressed oops, g1 gc, windows-amd64)
Heap:
 garbage-first heap   total 130048K, used 95192K [0x0000000702200000, 0x0000000800000000)
  region size 1024K, 39 young (39936K), 1 survivors (1024K)
 Metaspace       used 111664K, capacity 114483K, committed 116992K, reserved 1150976K
  class space    used 13542K, capacity 14666K, committed 15104K, reserved 1048576K
GC Heap History (20 events):
Event: 82747.492 GC heap after
{Heap after GC invocations=812 (full 3):
 garbage-first heap   total 130048K, used 56517K [0x0000000702200000, 0x0000000800000000)
  region size 1024K, 1 young (1024K), 1 survivors (1024K)
 Metaspace       used 111657K, capacity 114477K, committed 116992K, reserved 1150976K
  class space    used 13541K, capacity 14664K, committed 15104K, reserved 1048576K
}
Event: 82828.838 GC heap before
{Heap before GC invocations=812 (full 3):
 garbage-first heap   total 130048K, used 113861K [0x0000000702200000, 0x0000000800000000)
  region size 1024K, 57 young (58368K), 1 survivors (1024K)
 Metaspace       used 111657K, capacity 114477K, committed 116992K, reserved 1150976K
  class space    used 13541K, capacity 14664K, committed 15104K, reserved 1048576K
}
Event: 82828.839 GC heap after
{Heap after GC invocations=813 (full 3):
 garbage-first heap   total 130048K, used 56570K [0x0000000702200000, 0x0000000800000000)
  region size 1024K, 1 young (1024K), 1 survivors (1024K)
 Metaspace       used 111657K, capacity 114477K, committed 116992K, reserved 1150976K
  class space    used 13541K, capacity 14664K, committed 15104K, reserved 1048576K
}
Event: 82897.288 GC heap before
{Heap before GC invocations=813 (full 3):
 garbage-first heap   total 130048K, used 112890K [0x0000000702200000, 0x0000000800000000)
  region size 1024K, 57 young (58368K), 1 survivors (1024K)
 Metaspace       used 111657K, capacity 114477K, committed 116992K, reserved 1150976K
  class space    used 13541K, capacity 14664K, committed 15104K, reserved 1048576K
}
Event: 82897.291 GC heap after
{Heap after GC invocations=814 (full 3):
 garbage-first heap   total 130048K, used 56939K [0x0000000702200000, 0x0000000800000000)
  region size 1024K, 1 young (1024K), 1 survivors (1024K)
 Metaspace       used 111657K, capacity 114477K, committed 116992K, reserved 1150976K
  class space    used 13541K, capacity 14664K, committed 15104K, reserved 1048576K
}
Event: 82972.719 GC heap before
{Heap before GC invocations=814 (full 3):
 garbage-first heap   total 130048K, used 114283K [0x0000000702200000, 0x0000000800000000)
  region size 1024K, 57 young (58368K), 1 survivors (1024K)
 Metaspace       used 111657K, capacity 114477K, committed 116992K, reserved 1150976K
  class space    used 13541K, capacity 14664K, committed 15104K, reserved 1048576K
}
Event: 82972.720 GC heap after
{Heap after GC invocations=815 (full 3):
 garbage-first heap   total 130048K, used 57127K [0x0000000702200000, 0x0000000800000000)
  region size 1024K, 1 young (1024K), 1 survivors (1024K)
 Metaspace       used 111657K, capacity 114477K, committed 116992K, reserved 1150976K
  class space    used 13541K, capacity 14664K, committed 15104K, reserved 1048576K
}
Event: 83053.198 GC heap before
{Heap before GC invocations=815 (full 3):
 garbage-first heap   total 130048K, used 113447K [0x0000000702200000, 0x0000000800000000)
  region size 1024K, 56 young (57344K), 1 survivors (1024K)
 Metaspace       used 111657K, capacity 114477K, committed 116992K, reserved 1150976K
  class space    used 13541K, capacity 14664K, committed 15104K, reserved 1048576K
}
Event: 83053.199 GC heap after
{Heap after GC invocations=816 (full 3):
 garbage-first heap   total 130048K, used 57113K [0x0000000702200000, 0x0000000800000000)
  region size 1024K, 1 young (1024K), 1 survivors (1024K)
 Metaspace       used 111657K, capacity 114477K, committed 116992K, reserved 1150976K
  class space    used 13541K, capacity 14664K, committed 15104K, reserved 1048576K
}
Event: 83133.202 GC heap before
{Heap before GC invocations=816 (full 3):
 garbage-first heap   total 130048K, used 113433K [0x0000000702200000, 0x0000000800000000)
  region size 1024K, 56 young (57344K), 1 survivors (1024K)
 Metaspace       used 111657K, capacity 114477K, committed 116992K, reserved 1150976K
  class space    used 13541K, capacity 14664K, committed 15104K, reserved 1048576K
}
Event: 83133.205 GC heap after
{Heap after GC invocations=817 (full 3):
 garbage-first heap   total 130048K, used 57123K [0x0000000702200000, 0x0000000800000000)
  region size 1024K, 1 young (1024K), 1 survivors (1024K)
 Metaspace       used 111657K, capacity 114477K, committed 116992K, reserved 1150976K
  class space    used 13541K, capacity 14664K, committed 15104K, reserved 1048576K
}
Event: 83213.176 GC heap before
{Heap before GC invocations=817 (full 3):
 garbage-first heap   total 130048K, used 113443K [0x0000000702200000, 0x0000000800000000)
  region size 1024K, 56 young (57344K), 1 survivors (1024K)
 Metaspace       used 111657K, capacity 114477K, committed 116992K, reserved 1150976K
  class space    used 13541K, capacity 14664K, committed 15104K, reserved 1048576K
}
Event: 83213.177 GC heap after
{Heap after GC invocations=818 (full 3):
 garbage-first heap   total 130048K, used 57201K [0x0000000702200000, 0x0000000800000000)
  region size 1024K, 1 young (1024K), 1 survivors (1024K)
 Metaspace       used 111657K, capacity 114477K, committed 116992K, reserved 1150976K
  class space    used 13541K, capacity 14664K, committed 15104K, reserved 1048576K
}
Event: 83293.476 GC heap before
{Heap before GC invocations=818 (full 3):
 garbage-first heap   total 130048K, used 113521K [0x0000000702200000, 0x0000000800000000)
  region size 1024K, 56 young (57344K), 1 survivors (1024K)
 Metaspace       used 111657K, capacity 114477K, committed 116992K, reserved 1150976K
  class space    used 13541K, capacity 14664K, committed 15104K, reserved 1048576K
}
Event: 83293.478 GC heap after
{Heap after GC invocations=819 (full 3):
 garbage-first heap   total 130048K, used 57193K [0x0000000702200000, 0x0000000800000000)
  region size 1024K, 1 young (1024K), 1 survivors (1024K)
 Metaspace       used 111657K, capacity 114477K, committed 116992K, reserved 1150976K
  class space    used 13541K, capacity 14664K, committed 15104K, reserved 1048576K
}
Event: 83374.900 GC heap before
{Heap before GC invocations=819 (full 3):
 garbage-first heap   total 130048K, used 113513K [0x0000000702200000, 0x0000000800000000)
  region size 1024K, 56 young (57344K), 1 survivors (1024K)
 Metaspace       used 111657K, capacity 114477K, committed 116992K, reserved 1150976K
  class space    used 13541K, capacity 14664K, committed 15104K, reserved 1048576K
}
Event: 83374.901 GC heap after
{Heap after GC invocations=820 (full 3):
 garbage-first heap   total 130048K, used 57171K [0x0000000702200000, 0x0000000800000000)
  region size 1024K, 1 young (1024K), 1 survivors (1024K)
 Metaspace       used 111657K, capacity 114477K, committed 116992K, reserved 1150976K
  class space    used 13541K, capacity 14664K, committed 15104K, reserved 1048576K
}
Event: 83455.282 GC heap before
{Heap before GC invocations=820 (full 3):
 garbage-first heap   total 130048K, used 113491K [0x0000000702200000, 0x0000000800000000)
  region size 1024K, 56 young (57344K), 1 survivors (1024K)
 Metaspace       used 111657K, capacity 114477K, committed 116992K, reserved 1150976K
  class space    used 13541K, capacity 14664K, committed 15104K, reserved 1048576K
}
Event: 83455.284 GC heap after
{Heap after GC invocations=821 (full 3):
 garbage-first heap   total 130048K, used 57177K [0x0000000702200000, 0x0000000800000000)
  region size 1024K, 1 young (1024K), 1 survivors (1024K)
 Metaspace       used 111657K, capacity 114477K, committed 116992K, reserved 1150976K
  class space    used 13541K, capacity 14664K, committed 15104K, reserved 1048576K
}
Event: 83502.123 GC heap before
{Heap before GC invocations=821 (full 3):
 garbage-first heap   total 130048K, used 95065K [0x0000000702200000, 0x0000000800000000)
  region size 1024K, 39 young (39936K), 1 survivors (1024K)
 Metaspace       used 111664K, capacity 114483K, committed 116992K, reserved 1150976K
  class space    used 13542K, capacity 14666K, committed 15104K, reserved 1048576K
}

